<?xml version="1.0" encoding="UTF-8"?>
<testng-results skipped="0" failed="1" ignored="0" total="7" passed="6">
  <reporter-output>
  </reporter-output>
  <suite name="Default suite" duration-ms="152960" started-at="2020-02-27T00:56:24 CET" finished-at="2020-02-27T00:58:57 CET">
    <groups>
    </groups>
    <test name="Default test" duration-ms="152960" started-at="2020-02-27T00:56:24 CET" finished-at="2020-02-27T00:58:57 CET">
      <class name="P_ExtentReports01.C_ExtentReports01">
        <test-method status="PASS" signature="setExtent()[pri:0, instance:P_ExtentReports01.C_ExtentReports01@5a1c0542]" name="setExtent" is-config="true" duration-ms="485" started-at="2020-02-27T00:56:24 CET" finished-at="2020-02-27T00:56:25 CET">
          <reporter-output>
          </reporter-output>
        </test-method> <!-- setExtent -->
        <test-method status="PASS" signature="setup()[pri:0, instance:P_ExtentReports01.C_ExtentReports01@5a1c0542]" name="setup" is-config="true" duration-ms="7712" started-at="2020-02-27T00:56:25 CET" finished-at="2020-02-27T00:56:33 CET">
          <reporter-output>
          </reporter-output>
        </test-method> <!-- setup -->
        <test-method status="PASS" signature="test_Case01()[pri:0, instance:P_ExtentReports01.C_ExtentReports01@5a1c0542]" name="test_Case01" duration-ms="11037" started-at="2020-02-27T00:56:33 CET" finished-at="2020-02-27T00:56:44 CET">
          <reporter-output>
          </reporter-output>
        </test-method> <!-- test_Case01 -->
        <test-method status="PASS" signature="tearDown(org.testng.ITestResult)[pri:0, instance:P_ExtentReports01.C_ExtentReports01@5a1c0542]" name="tearDown" is-config="true" duration-ms="6753" started-at="2020-02-27T00:56:44 CET" finished-at="2020-02-27T00:56:51 CET">
          <params>
            <param index="0">
              <value>
                <![CDATA[[TestResult name=test_Case01 status=SUCCESS method=C_ExtentReports01.test_Case01()[pri:0, instance:P_ExtentReports01.C_ExtentReports01@5a1c0542] output={null}]]]>
              </value>
            </param>
          </params>
          <reporter-output>
          </reporter-output>
        </test-method> <!-- tearDown -->
        <test-method status="PASS" signature="setup()[pri:0, instance:P_ExtentReports01.C_ExtentReports01@5a1c0542]" name="setup" is-config="true" duration-ms="6951" started-at="2020-02-27T00:56:51 CET" finished-at="2020-02-27T00:56:57 CET">
          <reporter-output>
          </reporter-output>
        </test-method> <!-- setup -->
        <test-method status="PASS" signature="test_Case02()[pri:0, instance:P_ExtentReports01.C_ExtentReports01@5a1c0542]" name="test_Case02" duration-ms="11313" started-at="2020-02-27T00:56:57 CET" finished-at="2020-02-27T00:57:09 CET">
          <reporter-output>
          </reporter-output>
        </test-method> <!-- test_Case02 -->
        <test-method status="PASS" signature="tearDown(org.testng.ITestResult)[pri:0, instance:P_ExtentReports01.C_ExtentReports01@5a1c0542]" name="tearDown" is-config="true" duration-ms="7463" started-at="2020-02-27T00:57:09 CET" finished-at="2020-02-27T00:57:16 CET">
          <params>
            <param index="0">
              <value>
                <![CDATA[[TestResult name=test_Case02 status=SUCCESS method=C_ExtentReports01.test_Case02()[pri:0, instance:P_ExtentReports01.C_ExtentReports01@5a1c0542] output={null}]]]>
              </value>
            </param>
          </params>
          <reporter-output>
          </reporter-output>
        </test-method> <!-- tearDown -->
        <test-method status="PASS" signature="setup()[pri:0, instance:P_ExtentReports01.C_ExtentReports01@5a1c0542]" name="setup" is-config="true" duration-ms="6993" started-at="2020-02-27T00:57:16 CET" finished-at="2020-02-27T00:57:23 CET">
          <reporter-output>
          </reporter-output>
        </test-method> <!-- setup -->
        <test-method status="PASS" signature="test_Case03()[pri:0, instance:P_ExtentReports01.C_ExtentReports01@5a1c0542]" name="test_Case03" duration-ms="1" started-at="2020-02-27T00:57:23 CET" finished-at="2020-02-27T00:57:23 CET">
          <reporter-output>
          </reporter-output>
        </test-method> <!-- test_Case03 -->
        <test-method status="PASS" signature="tearDown(org.testng.ITestResult)[pri:0, instance:P_ExtentReports01.C_ExtentReports01@5a1c0542]" name="tearDown" is-config="true" duration-ms="6338" started-at="2020-02-27T00:57:23 CET" finished-at="2020-02-27T00:57:30 CET">
          <params>
            <param index="0">
              <value>
                <![CDATA[[TestResult name=test_Case03 status=SUCCESS method=C_ExtentReports01.test_Case03()[pri:0, instance:P_ExtentReports01.C_ExtentReports01@5a1c0542] output={null}]]]>
              </value>
            </param>
          </params>
          <reporter-output>
          </reporter-output>
        </test-method> <!-- tearDown -->
        <test-method status="PASS" signature="setup()[pri:0, instance:P_ExtentReports01.C_ExtentReports01@5a1c0542]" name="setup" is-config="true" duration-ms="6948" started-at="2020-02-27T00:57:30 CET" finished-at="2020-02-27T00:57:37 CET">
          <reporter-output>
          </reporter-output>
        </test-method> <!-- setup -->
        <test-method status="PASS" signature="test_Case04()[pri:0, instance:P_ExtentReports01.C_ExtentReports01@5a1c0542]" name="test_Case04" duration-ms="1" started-at="2020-02-27T00:57:37 CET" finished-at="2020-02-27T00:57:37 CET">
          <reporter-output>
          </reporter-output>
        </test-method> <!-- test_Case04 -->
        <test-method status="PASS" signature="tearDown(org.testng.ITestResult)[pri:0, instance:P_ExtentReports01.C_ExtentReports01@5a1c0542]" name="tearDown" is-config="true" duration-ms="6082" started-at="2020-02-27T00:57:37 CET" finished-at="2020-02-27T00:57:43 CET">
          <params>
            <param index="0">
              <value>
                <![CDATA[[TestResult name=test_Case04 status=SUCCESS method=C_ExtentReports01.test_Case04()[pri:0, instance:P_ExtentReports01.C_ExtentReports01@5a1c0542] output={null}]]]>
              </value>
            </param>
          </params>
          <reporter-output>
          </reporter-output>
        </test-method> <!-- tearDown -->
        <test-method status="PASS" signature="setup()[pri:0, instance:P_ExtentReports01.C_ExtentReports01@5a1c0542]" name="setup" is-config="true" duration-ms="6480" started-at="2020-02-27T00:57:43 CET" finished-at="2020-02-27T00:57:49 CET">
          <reporter-output>
          </reporter-output>
        </test-method> <!-- setup -->
        <test-method status="PASS" signature="test_Case05()[pri:0, instance:P_ExtentReports01.C_ExtentReports01@5a1c0542]" name="test_Case05" duration-ms="2" started-at="2020-02-27T00:57:49 CET" finished-at="2020-02-27T00:57:49 CET">
          <reporter-output>
          </reporter-output>
        </test-method> <!-- test_Case05 -->
        <test-method status="PASS" signature="tearDown(org.testng.ITestResult)[pri:0, instance:P_ExtentReports01.C_ExtentReports01@5a1c0542]" name="tearDown" is-config="true" duration-ms="6211" started-at="2020-02-27T00:57:49 CET" finished-at="2020-02-27T00:57:55 CET">
          <params>
            <param index="0">
              <value>
                <![CDATA[[TestResult name=test_Case05 status=SUCCESS method=C_ExtentReports01.test_Case05()[pri:0, instance:P_ExtentReports01.C_ExtentReports01@5a1c0542] output={null}]]]>
              </value>
            </param>
          </params>
          <reporter-output>
          </reporter-output>
        </test-method> <!-- tearDown -->
        <test-method status="PASS" signature="setup()[pri:0, instance:P_ExtentReports01.C_ExtentReports01@5a1c0542]" name="setup" is-config="true" duration-ms="6998" started-at="2020-02-27T00:57:55 CET" finished-at="2020-02-27T00:58:02 CET">
          <reporter-output>
          </reporter-output>
        </test-method> <!-- setup -->
        <test-method status="FAIL" signature="test_Case06()[pri:0, instance:P_ExtentReports01.C_ExtentReports01@5a1c0542]" name="test_Case06" duration-ms="18991" started-at="2020-02-27T00:58:02 CET" finished-at="2020-02-27T00:58:21 CET">
          <exception class="java.lang.NullPointerException">
            <full-stacktrace>
              <![CDATA[java.lang.NullPointerException
at P_ExtentReports01.C_ExtentReports01.test_Case06(C_ExtentReports01.java:130)
at sun.reflect.NativeMethodAccessorImpl.invoke0(Native Method)
at sun.reflect.NativeMethodAccessorImpl.invoke(NativeMethodAccessorImpl.java:62)
at sun.reflect.DelegatingMethodAccessorImpl.invoke(DelegatingMethodAccessorImpl.java:43)
at java.lang.reflect.Method.invoke(Method.java:498)
at org.testng.internal.MethodInvocationHelper.invokeMethod(MethodInvocationHelper.java:133)
at org.testng.internal.TestInvoker.invokeMethod(TestInvoker.java:584)
at org.testng.internal.TestInvoker.invokeTestMethod(TestInvoker.java:172)
at org.testng.internal.MethodRunner.runInSequence(MethodRunner.java:46)
at org.testng.internal.TestInvoker$MethodInvocationAgent.invoke(TestInvoker.java:804)
at org.testng.internal.TestInvoker.invokeTestMethods(TestInvoker.java:145)
at org.testng.internal.TestMethodWorker.invokeTestMethods(TestMethodWorker.java:146)
at org.testng.internal.TestMethodWorker.run(TestMethodWorker.java:128)
at java.util.ArrayList.forEach(ArrayList.java:1257)
at org.testng.TestRunner.privateRun(TestRunner.java:770)
at org.testng.TestRunner.run(TestRunner.java:591)
at org.testng.SuiteRunner.runTest(SuiteRunner.java:402)
at org.testng.SuiteRunner.runSequentially(SuiteRunner.java:396)
at org.testng.SuiteRunner.privateRun(SuiteRunner.java:355)
at org.testng.SuiteRunner.run(SuiteRunner.java:304)
at org.testng.SuiteRunnerWorker.runSuite(SuiteRunnerWorker.java:53)
at org.testng.SuiteRunnerWorker.run(SuiteRunnerWorker.java:96)
at org.testng.TestNG.runSuitesSequentially(TestNG.java:1180)
at org.testng.TestNG.runSuitesLocally(TestNG.java:1102)
at org.testng.TestNG.runSuites(TestNG.java:1032)
at org.testng.TestNG.run(TestNG.java:1000)
at org.testng.remote.AbstractRemoteTestNG.run(AbstractRemoteTestNG.java:115)
at org.testng.remote.RemoteTestNG.initAndRun(RemoteTestNG.java:251)
at org.testng.remote.RemoteTestNG.main(RemoteTestNG.java:77)
]]>
            </full-stacktrace>
          </exception> <!-- java.lang.NullPointerException -->
          <reporter-output>
          </reporter-output>
        </test-method> <!-- test_Case06 -->
        <test-method status="PASS" signature="tearDown(org.testng.ITestResult)[pri:0, instance:P_ExtentReports01.C_ExtentReports01@5a1c0542]" name="tearDown" is-config="true" duration-ms="9486" started-at="2020-02-27T00:58:21 CET" finished-at="2020-02-27T00:58:31 CET">
          <params>
            <param index="0">
              <value>
                <![CDATA[[TestResult name=test_Case06 status=FAILURE method=C_ExtentReports01.test_Case06()[pri:0, instance:P_ExtentReports01.C_ExtentReports01@5a1c0542] output={null}]]]>
              </value>
            </param>
          </params>
          <reporter-output>
          </reporter-output>
        </test-method> <!-- tearDown -->
        <test-method status="PASS" signature="setup()[pri:0, instance:P_ExtentReports01.C_ExtentReports01@5a1c0542]" name="setup" is-config="true" duration-ms="5955" started-at="2020-02-27T00:58:31 CET" finished-at="2020-02-27T00:58:37 CET">
          <reporter-output>
          </reporter-output>
        </test-method> <!-- setup -->
        <test-method status="PASS" signature="test_Case07()[pri:0, instance:P_ExtentReports01.C_ExtentReports01@5a1c0542]" name="test_Case07" duration-ms="15469" started-at="2020-02-27T00:58:37 CET" finished-at="2020-02-27T00:58:52 CET">
          <reporter-output>
          </reporter-output>
        </test-method> <!-- test_Case07 -->
        <test-method status="PASS" signature="tearDown(org.testng.ITestResult)[pri:0, instance:P_ExtentReports01.C_ExtentReports01@5a1c0542]" name="tearDown" is-config="true" duration-ms="4162" started-at="2020-02-27T00:58:52 CET" finished-at="2020-02-27T00:58:56 CET">
          <params>
            <param index="0">
              <value>
                <![CDATA[[TestResult name=test_Case07 status=SUCCESS method=C_ExtentReports01.test_Case07()[pri:0, instance:P_ExtentReports01.C_ExtentReports01@5a1c0542] output={null}]]]>
              </value>
            </param>
          </params>
          <reporter-output>
          </reporter-output>
        </test-method> <!-- tearDown -->
        <test-method status="PASS" signature="endReport()[pri:0, instance:P_ExtentReports01.C_ExtentReports01@5a1c0542]" name="endReport" is-config="true" duration-ms="1012" started-at="2020-02-27T00:58:56 CET" finished-at="2020-02-27T00:58:57 CET">
          <reporter-output>
          </reporter-output>
        </test-method> <!-- endReport -->
      </class> <!-- P_ExtentReports01.C_ExtentReports01 -->
    </test> <!-- Default test -->
  </suite> <!-- Default suite -->
</testng-results>
